<?xml version="1.0" encoding="utf-8"?>
<TestRun id="bf673f0d-145b-4594-9592-9eed175052a1" name="smadhavi@CHQ-MICROKNOT15 2022-03-08 01:21:32" runUser="CORP\smadhavi" xmlns="http://microsoft.com/schemas/VisualStudio/TeamTest/2010">
  <Times creation="2022-03-08T01:21:32.1163896-07:00" queuing="2022-03-08T01:21:32.1163901-07:00" start="2022-03-08T01:21:29.5643325-07:00" finish="2022-03-08T01:21:32.3587571-07:00" />
  <TestSettings name="default" id="bf5bbfc0-c725-49c7-b099-e634d5a6bc99">
    <Deployment runDeploymentRoot="smadhavi_CHQ-MICROKNOT15_2022-03-08_01_21_32" />
  </TestSettings>
  <Results>
    <UnitTestResult executionId="53f97821-222e-4675-80cf-abc08ab2ebf6" testId="85386413-cf50-46d5-abc9-1c7475412449" testName="DividedByTwoNumbers" computerName="CHQ-MICROKNOT15" duration="00:00:00.0573038" startTime="2022-03-08T01:21:31.1754253-07:00" endTime="2022-03-08T01:21:31.2332071-07:00" testType="13cdc9d9-ddb5-4fa4-a97d-d965ccfc6d4b" outcome="Failed" testListId="8c84fa94-04c1-424b-9868-57a2d4851a1d" relativeResultsDirectory="53f97821-222e-4675-80cf-abc08ab2ebf6">
      <Output>
        <StdOut>Given the first number is 60&#xD;
-&gt; done: CalculatorStepDefinitions.GivenTheFirstNumberIs(60) (0.0s)&#xD;
And the second number is 10&#xD;
-&gt; done: CalculatorStepDefinitions.GivenTheSecondNumberIs(10) (0.0s)&#xD;
When the two numbers are divided&#xD;
-&gt; done: CalculatorStepDefinitions.WhenTheTwoNumbersAreDivided() (0.0s)&#xD;
Then the result should be 7&#xD;
-&gt; error: Assert.AreEqual failed. Expected:&lt;7&gt;. Actual:&lt;6&gt;.  (0.0s)&#xD;
&#xD;


TestContext Messages:
Given the first number is 60&#xD;
-&gt; done: CalculatorStepDefinitions.GivenTheFirstNumberIs(60) (0.0s)&#xD;
And the second number is 10&#xD;
-&gt; done: CalculatorStepDefinitions.GivenTheSecondNumberIs(10) (0.0s)&#xD;
When the two numbers are divided&#xD;
-&gt; done: CalculatorStepDefinitions.WhenTheTwoNumbersAreDivided() (0.0s)&#xD;
Then the result should be 7&#xD;
-&gt; error: Assert.AreEqual failed. Expected:&lt;7&gt;. Actual:&lt;6&gt;.  (0.0s)</StdOut>
        <ErrorInfo>
          <Message>Assert.AreEqual failed. Expected:&lt;7&gt;. Actual:&lt;6&gt;. </Message>
          <StackTrace>   at SpecFlowCalucator.Steps.CalculatorStepDefinitions.ThenTheResultShouldBe(Int32 value) in C:\Users\smadhavi\source\repos\SpecFlowCalucator\SpecFlowCalucator\Steps\CalculatorStepDefinitions.cs:line 61&#xD;
   at TechTalk.SpecFlow.Bindings.BindingInvoker.InvokeBinding(IBinding binding, IContextManager contextManager, Object[] arguments, ITestTracer testTracer, TimeSpan&amp; duration)&#xD;
   at TechTalk.SpecFlow.Infrastructure.TestExecutionEngine.ExecuteStepMatch(BindingMatch match, Object[] arguments, TimeSpan&amp; duration)&#xD;
   at TechTalk.SpecFlow.Infrastructure.TestExecutionEngine.ExecuteStep(IContextManager contextManager, StepInstance stepInstance)&#xD;
   at TechTalk.SpecFlow.Infrastructure.TestExecutionEngine.OnAfterLastStep()&#xD;
   at TechTalk.SpecFlow.TestRunner.CollectScenarioErrors()&#xD;
   at SpecFlowCalucator.Features.CalculatorFeature.ScenarioCleanup()&#xD;
   at SpecFlowCalucator.Features.CalculatorFeature.DividedByTwoNumbers() in C:\Users\smadhavi\source\repos\SpecFlowCalucator\SpecFlowCalucator\Features\Calculator.feature:line 27&#xD;
</StackTrace>
        </ErrorInfo>
      </Output>
    </UnitTestResult>
    <UnitTestResult executionId="e579cdf2-7815-4edd-a645-f0e58d14b81f" testId="e601234d-d1bf-4f0e-b847-ad16bc9de273" testName="AddTwoNumbers" computerName="CHQ-MICROKNOT15" duration="00:00:00.0443751" startTime="2022-03-08T01:21:30.7032722-07:00" endTime="2022-03-08T01:21:31.1645035-07:00" testType="13cdc9d9-ddb5-4fa4-a97d-d965ccfc6d4b" outcome="Passed" testListId="8c84fa94-04c1-424b-9868-57a2d4851a1d" relativeResultsDirectory="e579cdf2-7815-4edd-a645-f0e58d14b81f">
      <Output>
        <StdOut>-&gt; Loading plugin C:\Users\smadhavi\source\repos\SpecFlowCalucator\SpecFlowCalucator\bin\Debug\net5.0\LivingDoc.SpecFlowPlugin.dll&#xD;
-&gt; Loading plugin C:\Users\smadhavi\source\repos\SpecFlowCalucator\SpecFlowCalucator\bin\Debug\net5.0\TechTalk.SpecFlow.MSTest.SpecFlowPlugin.dll&#xD;
-&gt; Loading plugin C:\Users\smadhavi\source\repos\SpecFlowCalucator\SpecFlowCalucator\bin\Debug\net5.0\SpecFlowCalucator.dll&#xD;
-&gt; Using default config&#xD;
Given the first number is 50&#xD;
-&gt; done: CalculatorStepDefinitions.GivenTheFirstNumberIs(50) (0.0s)&#xD;
And the second number is 70&#xD;
-&gt; done: CalculatorStepDefinitions.GivenTheSecondNumberIs(70) (0.0s)&#xD;
When the two numbers are added&#xD;
-&gt; done: CalculatorStepDefinitions.WhenTheTwoNumbersAreAdded() (0.0s)&#xD;
Then the result should be 120&#xD;
-&gt; done: CalculatorStepDefinitions.ThenTheResultShouldBe(120) (0.0s)&#xD;
&#xD;


TestContext Messages:
Given the first number is 50&#xD;
-&gt; done: CalculatorStepDefinitions.GivenTheFirstNumberIs(50) (0.0s)&#xD;
And the second number is 70&#xD;
-&gt; done: CalculatorStepDefinitions.GivenTheSecondNumberIs(70) (0.0s)&#xD;
When the two numbers are added&#xD;
-&gt; done: CalculatorStepDefinitions.WhenTheTwoNumbersAreAdded() (0.0s)&#xD;
Then the result should be 120&#xD;
-&gt; done: CalculatorStepDefinitions.ThenTheResultShouldBe(120) (0.0s)</StdOut>
      </Output>
    </UnitTestResult>
    <UnitTestResult executionId="1c038045-a430-446c-adf7-af2824b6ec1c" testId="79c34c04-7e48-46b0-9cf8-d7ecca89043b" testName="SubTwoNumbers" computerName="CHQ-MICROKNOT15" duration="00:00:00.0020645" startTime="2022-03-08T01:21:31.1730223-07:00" endTime="2022-03-08T01:21:31.1753256-07:00" testType="13cdc9d9-ddb5-4fa4-a97d-d965ccfc6d4b" outcome="Passed" testListId="8c84fa94-04c1-424b-9868-57a2d4851a1d" relativeResultsDirectory="1c038045-a430-446c-adf7-af2824b6ec1c">
      <Output>
        <StdOut>Given the first number is 70&#xD;
-&gt; done: CalculatorStepDefinitions.GivenTheFirstNumberIs(70) (0.0s)&#xD;
And the second number is 50&#xD;
-&gt; done: CalculatorStepDefinitions.GivenTheSecondNumberIs(50) (0.0s)&#xD;
When the two numbers are Subtracted&#xD;
-&gt; done: CalculatorStepDefinitions.WhenTheTwoNumbersAreSubtracted() (0.0s)&#xD;
Then the result should be 20&#xD;
-&gt; done: CalculatorStepDefinitions.ThenTheResultShouldBe(20) (0.0s)&#xD;
&#xD;


TestContext Messages:
Given the first number is 70&#xD;
-&gt; done: CalculatorStepDefinitions.GivenTheFirstNumberIs(70) (0.0s)&#xD;
And the second number is 50&#xD;
-&gt; done: CalculatorStepDefinitions.GivenTheSecondNumberIs(50) (0.0s)&#xD;
When the two numbers are Subtracted&#xD;
-&gt; done: CalculatorStepDefinitions.WhenTheTwoNumbersAreSubtracted() (0.0s)&#xD;
Then the result should be 20&#xD;
-&gt; done: CalculatorStepDefinitions.ThenTheResultShouldBe(20) (0.0s)</StdOut>
      </Output>
    </UnitTestResult>
  </Results>
  <TestDefinitions>
    <UnitTest name="SubTwoNumbers" storage="c:\users\smadhavi\source\repos\specflowcalucator\specflowcalucator\bin\debug\net5.0\specflowcalucator.dll" id="79c34c04-7e48-46b0-9cf8-d7ecca89043b">
      <TestCategory>
        <TestCategoryItem TestCategory="SubmissionFTwoNumbers" />
      </TestCategory>
      <Execution id="1c038045-a430-446c-adf7-af2824b6ec1c" />
      <TestMethod codeBase="C:\Users\smadhavi\source\repos\SpecFlowCalucator\SpecFlowCalucator\bin\Debug\net5.0\SpecFlowCalucator.dll" adapterTypeName="executor://mstestadapter/v2" className="SpecFlowCalucator.Features.CalculatorFeature" name="SubTwoNumbers" />
    </UnitTest>
    <UnitTest name="AddTwoNumbers" storage="c:\users\smadhavi\source\repos\specflowcalucator\specflowcalucator\bin\debug\net5.0\specflowcalucator.dll" id="e601234d-d1bf-4f0e-b847-ad16bc9de273">
      <TestCategory>
        <TestCategoryItem TestCategory="SumOFTwoNumbers" />
      </TestCategory>
      <Execution id="e579cdf2-7815-4edd-a645-f0e58d14b81f" />
      <TestMethod codeBase="C:\Users\smadhavi\source\repos\SpecFlowCalucator\SpecFlowCalucator\bin\Debug\net5.0\SpecFlowCalucator.dll" adapterTypeName="executor://mstestadapter/v2" className="SpecFlowCalucator.Features.CalculatorFeature" name="AddTwoNumbers" />
    </UnitTest>
    <UnitTest name="DividedByTwoNumbers" storage="c:\users\smadhavi\source\repos\specflowcalucator\specflowcalucator\bin\debug\net5.0\specflowcalucator.dll" id="85386413-cf50-46d5-abc9-1c7475412449">
      <TestCategory>
        <TestCategoryItem TestCategory="DivisionOfTwoNumbers" />
      </TestCategory>
      <Execution id="53f97821-222e-4675-80cf-abc08ab2ebf6" />
      <TestMethod codeBase="C:\Users\smadhavi\source\repos\SpecFlowCalucator\SpecFlowCalucator\bin\Debug\net5.0\SpecFlowCalucator.dll" adapterTypeName="executor://mstestadapter/v2" className="SpecFlowCalucator.Features.CalculatorFeature" name="DividedByTwoNumbers" />
    </UnitTest>
  </TestDefinitions>
  <TestEntries>
    <TestEntry testId="85386413-cf50-46d5-abc9-1c7475412449" executionId="53f97821-222e-4675-80cf-abc08ab2ebf6" testListId="8c84fa94-04c1-424b-9868-57a2d4851a1d" />
    <TestEntry testId="e601234d-d1bf-4f0e-b847-ad16bc9de273" executionId="e579cdf2-7815-4edd-a645-f0e58d14b81f" testListId="8c84fa94-04c1-424b-9868-57a2d4851a1d" />
    <TestEntry testId="79c34c04-7e48-46b0-9cf8-d7ecca89043b" executionId="1c038045-a430-446c-adf7-af2824b6ec1c" testListId="8c84fa94-04c1-424b-9868-57a2d4851a1d" />
  </TestEntries>
  <TestLists>
    <TestList name="Results Not in a List" id="8c84fa94-04c1-424b-9868-57a2d4851a1d" />
    <TestList name="All Loaded Results" id="19431567-8539-422a-85d7-44ee4e166bda" />
  </TestLists>
  <ResultSummary outcome="Failed">
    <Counters total="3" executed="3" passed="2" failed="1" error="0" timeout="0" aborted="0" inconclusive="0" passedButRunAborted="0" notRunnable="0" notExecuted="0" disconnected="0" warning="0" completed="0" inProgress="0" pending="0" />
    <Output>
      <StdOut>MSTest Executor: Test Parallelization enabled for C:\Users\smadhavi\source\repos\SpecFlowCalucator\SpecFlowCalucator\bin\Debug\net5.0\SpecFlowCalucator.dll (Workers: 2, Scope: ClassLevel).&#xD;
-&gt; LivingDocPlugin: Output generated in: C:\Users\smadhavi\source\repos\SpecFlowCalucator\SpecFlowCalucator\bin\Debug\net5.0\TestExecution.json&#xD;
&#xD;
</StdOut>
    </Output>
  </ResultSummary>
</TestRun>